TN:
SF:src\presentation\helpers\http-response.js
FN:6,badRequest
FN:13,serverError
FN:19,unauthorizedError
FNF:3
FNH:3
FNDA:2,badRequest
FNDA:4,serverError
FNDA:2,unauthorizedError
DA:1,1
DA:2,1
DA:3,1
DA:4,1
DA:5,1
DA:6,1
DA:7,2
DA:8,2
DA:9,2
DA:10,2
DA:11,2
DA:12,1
DA:13,1
DA:14,4
DA:15,4
DA:16,4
DA:17,4
DA:18,1
DA:19,1
DA:20,2
DA:21,2
DA:22,2
DA:23,2
DA:24,2
DA:25,1
LF:25
LH:25
BRDA:6,0,0,2
BRDA:13,1,0,4
BRDA:19,2,0,2
BRF:3
BRH:3
end_of_record
TN:
SF:src\presentation\helpers\missing-param-error.js
FN:2,MissingParamError
FNF:1
FNH:1
FNDA:4,MissingParamError
DA:1,1
DA:2,1
DA:3,4
DA:4,4
DA:5,4
DA:6,1
LF:6
LH:6
BRDA:2,0,0,4
BRF:1
BRH:1
end_of_record
TN:
SF:src\presentation\helpers\unauthorized-error.js
FN:2,UnauthorizedError
FNF:1
FNH:1
FNDA:3,UnauthorizedError
DA:1,1
DA:2,1
DA:3,3
DA:4,3
DA:5,3
DA:6,1
LF:6
LH:6
BRDA:2,0,0,3
BRF:1
BRH:1
end_of_record
TN:
SF:src\presentation\routers\login-router.js
FN:5,LoginRouter
FN:9,route
FNF:2
FNH:2
FNDA:8,LoginRouter
FNDA:8,route
DA:1,1
DA:2,1
DA:3,1
DA:4,1
DA:5,1
DA:6,8
DA:7,8
DA:8,1
DA:9,1
DA:10,8
DA:11,4
DA:12,4
DA:13,4
DA:14,4
DA:15,8
DA:16,1
DA:17,1
DA:18,8
DA:19,1
DA:20,1
DA:21,2
DA:22,2
DA:23,2
DA:24,2
DA:25,1
LF:25
LH:25
BRDA:5,0,0,8
BRDA:9,1,0,8
BRDA:10,2,0,7
BRDA:10,3,0,6
BRDA:10,4,0,5
BRDA:10,5,0,4
BRDA:15,6,0,1
BRDA:18,7,0,3
BRDA:18,8,0,1
BRDA:21,9,0,2
BRF:10
BRH:10
end_of_record
