TN:
SF:src\presentation\helpers\http-response.js
FN:6,badRequest
FN:13,serverError
FN:19,unauthorizedError
FN:26,ok
FNF:4
FNH:4
FNDA:2,badRequest
FNDA:4,serverError
FNDA:1,unauthorizedError
FNDA:2,ok
DA:1,1
DA:2,1
DA:3,1
DA:4,1
DA:5,1
DA:6,1
DA:7,2
DA:8,2
DA:9,2
DA:10,2
DA:11,2
DA:12,1
DA:13,1
DA:14,4
DA:15,4
DA:16,4
DA:17,4
DA:18,1
DA:19,1
DA:20,1
DA:21,1
DA:22,1
DA:23,1
DA:24,1
DA:25,1
DA:26,1
DA:27,2
DA:28,2
DA:29,2
DA:30,2
DA:31,1
LF:31
LH:31
BRDA:6,0,0,2
BRDA:13,1,0,4
BRDA:19,2,0,1
BRDA:26,3,0,2
BRF:4
BRH:4
end_of_record
TN:
SF:src\presentation\helpers\missing-param-error.js
FN:2,MissingParamError
FNF:1
FNH:1
FNDA:4,MissingParamError
DA:1,1
DA:2,1
DA:3,4
DA:4,4
DA:5,4
DA:6,1
LF:6
LH:6
BRDA:2,0,0,4
BRF:1
BRH:1
end_of_record
TN:
SF:src\presentation\helpers\unauthorized-error.js
FN:2,UnauthorizedError
FNF:1
FNH:1
FNDA:2,UnauthorizedError
DA:1,1
DA:2,1
DA:3,2
DA:4,2
DA:5,2
DA:6,1
LF:6
LH:6
BRDA:2,0,0,2
BRF:1
BRH:1
end_of_record
TN:
SF:src\presentation\routers\login-router.js
FN:5,LoginRouter
FN:9,route
FNF:2
FNH:2
FNDA:9,LoginRouter
FNDA:9,route
DA:1,1
DA:2,1
DA:3,1
DA:4,1
DA:5,1
DA:6,9
DA:7,9
DA:8,1
DA:9,1
DA:10,9
DA:11,4
DA:12,4
DA:13,5
DA:14,5
DA:15,9
DA:16,1
DA:17,1
DA:18,9
DA:19,1
DA:20,1
DA:21,9
DA:22,9
DA:23,9
DA:24,9
DA:25,9
DA:26,9
DA:27,1
LF:27
LH:27
BRDA:5,0,0,9
BRDA:9,1,0,9
BRDA:10,2,0,8
BRDA:10,3,0,7
BRDA:10,4,0,6
BRDA:10,5,0,4
BRDA:13,6,0,5
BRDA:15,7,0,1
BRDA:18,8,0,4
BRDA:18,9,0,1
BRDA:23,10,0,1
BRF:11
BRH:11
end_of_record
